[32minfo[39m:    Data Found
2024-07-17T09:23:37.714Z [32minfo[39m     Data Found 
[32minfo[39m2024-07-17T09:26:04.581Z    Data Found
[32minfo[39m 2024-07-17T09:27:10.068Z    Data Found
[32minfo[39m 2024-07-17T09:28:35.885Z    Data Found
[32minfo[39m 2024-07-17T09:29:12.921Z    Data Found
[32minfo[39m 2024-07-17T09:30:00.113Z    Data Found
[32minfo[39m 2024-07-17T09:30:04.117Z    Data Found
[32minfo[39m 2024-07-17T09:30:04.352Z    Data Found
[32minfo[39m 2024-07-17T09:30:04.560Z    Data Found
[32minfo[39m 2024-07-17T09:30:04.768Z    Data Found
[32minfo[39m 2024-07-17T09:30:04.966Z    Data Found
[32minfo[39m 2024-07-17T09:30:05.165Z    Data Found
[32minfo[39m 2024-07-17T09:30:05.360Z    Data Found
[32minfo[39m 2024-07-17T09:30:05.533Z    Data Found
[32minfo[39m 2024-07-17T09:30:05.709Z    Data Found
[32minfo[39m 2024-07-17T09:30:05.884Z    Data Found
[32minfo[39m 2024-07-17T09:30:06.045Z    Data Found
[32minfo[39m 2024-07-17T09:30:06.198Z    Data Found
[32minfo[39m 2024-07-17T09:30:06.377Z    Data Found
[32minfo[39m 2024-07-17T09:30:06.545Z    Data Found
[32minfo[39m 2024-07-17T09:30:06.695Z    Data Found
[32minfo[39m 2024-07-17T09:30:06.846Z    Data Found
[32minfo[39m 2024-07-17T09:30:07.005Z    Data Found
[32minfo[39m 2024-07-17T09:30:07.179Z    Data Found
[32minfo[39m 2024-07-17T09:30:07.391Z    Data Found
[32minfo[39m 2024-07-17T09:33:47.242Z    Data Found
[32minfo[39m 2024-07-17T09:35:36.490Z    Data Found
[32minfo[39m 2024-07-17T09:35:37.913Z    Data Found
[32minfo[39m 2024-07-17T09:35:38.375Z    Data Found
[32minfo[39m 2024-07-17T09:35:38.801Z    Data Found
[32minfo[39m 2024-07-17T09:35:39.141Z    Data Found
[32minfo[39m 2024-07-17T09:35:39.352Z    Data Found
[32minfo[39m 2024-07-17T09:35:39.537Z    Data Found
[32minfo[39m 2024-07-17T09:35:39.668Z    Data Found
[31merror[39m 2024-07-18T09:33:05.892Z   Error Occured
[31merror[39m 2024-07-18T09:33:50.678Z   Error Occured
[31merror[39m 2024-07-18T09:39:29.720Z   Error Occured
[31merror[39m 2024-07-18T09:41:23.835Z   Error Occured
[31merror[39m 2024-07-18T09:42:44.960Z   User Not found by Krish
[31merror[39m 2024-07-18T09:43:13.618Z   User Not found by Krish
[31merror[39m 2024-07-18T09:43:51.344Z   User Not found by Krish
[31merror[39m 2024-07-18T09:44:05.478Z   User Not found by Krish
[31merror[39m 2024-07-18T09:46:08.982Z   User Not found by Krish
[31merror[39m 2024-07-18T09:46:33.382Z   User Not found by Krish
[31merror[39m 2024-07-18T09:46:53.967Z   User Not found by Krish
[31merror[39m 2024-07-18T09:47:17.693Z   User Not found by Krish
[31merror[39m 2024-07-18T09:47:41.311Z   User Not found by Krish
[31merror[39m 2024-07-18T09:50:57.268Z   User Not found by Krish
[31merror[39m 2024-07-18T09:51:35.862Z   User Not found by Krish
[31merror[39m 2024-07-18T11:57:16.859Z   User Not found by Krish
[31merror[39m 2024-07-18T11:57:46.051Z   User Not found by Krish
[31merror[39m 2024-07-18T11:58:29.299Z   User Not found by \\\\Krish
[31merror[39m 2024-07-18T12:00:20.809Z   User Not found by \\\\Krish
[31merror[39m 2024-07-18T12:00:44.668Z   User Not found by \\\\Krish
[31merror[39m 2024-07-18T12:04:42.577Z   User Not found by \\\\Krish
[31merror[39m 2024-07-18T12:10:07.086Z   User Not found by \\\\Krish
[31merror[39m 2024-07-18T12:13:34.049Z   Random error
[31merror[39m 2024-07-18T12:13:57.076Z   Random error
[31merror[39m 2024-07-18T12:17:45.244Z   User Not found by \\\\Krish
[31merror[39m 2024-07-19T09:43:34.150Z   User Not found by \\\\Krish
[31merror[39m 2024-07-22T10:58:09.828Z   User Not found by \\\\Krish
[32minfo[39m 2024-07-22T10:58:46.183Z    Data Found
[32minfo[39m 2024-07-22T11:01:01.794Z    Data saved successfully
[32minfo[39m 2024-07-23T07:33:20.362Z    Data Found
[32minfo[39m 2024-07-23T07:34:38.777Z    Data Found
